<?xml version="1.0" encoding="UTF-8"?>
<testng-results ignored="0" total="1" passed="1" failed="0" skipped="0">
  <reporter-output>
  </reporter-output>
  <suite started-at="2023-05-18T02:57:23 BDT" name="Surefire suite" finished-at="2023-05-18T02:57:46 BDT" duration-ms="23781">
    <groups>
    </groups>
    <test started-at="2023-05-18T02:57:23 BDT" name="Surefire test" finished-at="2023-05-18T02:57:46 BDT" duration-ms="23781">
      <class name="com.herokuapp.javaSeleniumAutomationTest.testCases.ContextMenuTest">
        <test-method is-config="true" signature="beforeClass()[pri:0, instance:com.herokuapp.javaSeleniumAutomationTest.testCases.ContextMenuTest@169e6180]" started-at="2023-05-18T02:57:23 BDT" name="beforeClass" finished-at="2023-05-18T02:57:30 BDT" duration-ms="7257" status="PASS">
          <reporter-output>
          </reporter-output>
        </test-method> <!-- beforeClass -->
        <test-method is-config="true" signature="beforeMethod()[pri:0, instance:com.herokuapp.javaSeleniumAutomationTest.testCases.ContextMenuTest@169e6180]" started-at="2023-05-18T02:57:30 BDT" name="beforeMethod" finished-at="2023-05-18T02:57:34 BDT" duration-ms="4543" status="PASS">
          <reporter-output>
          </reporter-output>
        </test-method> <!-- beforeMethod -->
        <test-method signature="contextMenu()[pri:0, instance:com.herokuapp.javaSeleniumAutomationTest.testCases.ContextMenuTest@169e6180]" started-at="2023-05-18T02:57:35 BDT" name="contextMenu" finished-at="2023-05-18T02:57:43 BDT" duration-ms="8658" status="PASS">
          <reporter-output>
          </reporter-output>
        </test-method> <!-- contextMenu -->
        <test-method is-config="true" signature="afterTest()[pri:0, instance:com.herokuapp.javaSeleniumAutomationTest.testCases.ContextMenuTest@169e6180]" started-at="2023-05-18T02:57:43 BDT" name="afterTest" finished-at="2023-05-18T02:57:43 BDT" duration-ms="5" status="PASS">
          <reporter-output>
          </reporter-output>
        </test-method> <!-- afterTest -->
        <test-method is-config="true" signature="afterClass()[pri:0, instance:com.herokuapp.javaSeleniumAutomationTest.testCases.ContextMenuTest@169e6180]" started-at="2023-05-18T02:57:43 BDT" name="afterClass" finished-at="2023-05-18T02:57:46 BDT" duration-ms="2924" status="PASS">
          <reporter-output>
          </reporter-output>
        </test-method> <!-- afterClass -->
      </class> <!-- com.herokuapp.javaSeleniumAutomationTest.testCases.ContextMenuTest -->
    </test> <!-- Surefire test -->
  </suite> <!-- Surefire suite -->
</testng-results>
