<?xml version="1.0" encoding="UTF-8"?>
<testng-results ignored="0" total="1" passed="1" failed="0" skipped="0">
  <reporter-output>
  </reporter-output>
  <suite started-at="2023-04-26T02:33:17 BDT" name="My Test Suite" finished-at="2023-04-26T02:33:25 BDT" duration-ms="7596">
    <groups>
    </groups>
    <test started-at="2023-04-26T02:33:17 BDT" name="My Test" finished-at="2023-04-26T02:33:25 BDT" duration-ms="7596">
      <class name="com.app.theInternetHerokuapp.tests.InvalidPassword">
        <test-method is-config="true" signature="beforeClass()[pri:0, instance:com.app.theInternetHerokuapp.tests.InvalidPassword@4ebadd3d]" started-at="2023-04-26T02:33:17 BDT" name="beforeClass" finished-at="2023-04-26T02:33:19 BDT" duration-ms="2125" status="PASS">
          <reporter-output>
          </reporter-output>
        </test-method> <!-- beforeClass -->
        <test-method is-config="true" signature="beforeMethod()[pri:0, instance:com.app.theInternetHerokuapp.tests.InvalidPassword@4ebadd3d]" started-at="2023-04-26T02:33:19 BDT" name="beforeMethod" finished-at="2023-04-26T02:33:23 BDT" duration-ms="4021" status="PASS">
          <reporter-output>
          </reporter-output>
        </test-method> <!-- beforeMethod -->
        <test-method signature="invalidPassword()[pri:0, instance:com.app.theInternetHerokuapp.tests.InvalidPassword@4ebadd3d]" started-at="2023-04-26T02:33:23 BDT" name="invalidPassword" finished-at="2023-04-26T02:33:25 BDT" duration-ms="1275" status="PASS">
          <reporter-output>
          </reporter-output>
        </test-method> <!-- invalidPassword -->
        <test-method is-config="true" signature="afterTest()[pri:0, instance:com.app.theInternetHerokuapp.tests.InvalidPassword@4ebadd3d]" started-at="2023-04-26T02:33:25 BDT" name="afterTest" finished-at="2023-04-26T02:33:25 BDT" duration-ms="1" status="PASS">
          <reporter-output>
          </reporter-output>
        </test-method> <!-- afterTest -->
        <test-method is-config="true" signature="afterClass()[pri:0, instance:com.app.theInternetHerokuapp.tests.InvalidPassword@4ebadd3d]" started-at="2023-04-26T02:33:25 BDT" name="afterClass" finished-at="2023-04-26T02:33:25 BDT" duration-ms="73" status="PASS">
          <reporter-output>
          </reporter-output>
        </test-method> <!-- afterClass -->
      </class> <!-- com.app.theInternetHerokuapp.tests.InvalidPassword -->
    </test> <!-- My Test -->
  </suite> <!-- My Test Suite -->
</testng-results>
