<?xml version="1.0" encoding="UTF-8"?>
<testsuite xmlns:xsi="http://www.w3.org/2001/XMLSchema-instance" xsi:noNamespaceSchemaLocation="https://maven.apache.org/surefire/maven-surefire-plugin/xsd/surefire-test-report.xsd" name="TestSuite" time="83.833" tests="30" errors="0" skipped="0" failures="11">
  <properties>
[...]
</properties>
  <testcase name="dpLoginValidation" classname="com.app.theInternetHerokuapp.tests.LoginPage.TestDpLoginValidation" time="1.277"/>
  <testcase name="dpLoginValidation" classname="com.app.theInternetHerokuapp.tests.LoginPage.TestDpLoginValidation" time="0.989">
    <failure type="java.lang.AssertionError:">java.lang.AssertionError: null
	at com.app.theInternetHerokuapp.tests.LoginPage.TestDpLoginValidation.dpLoginValidation(TestDpLoginValidation.java:44)
</failure>
    <system-out><![CDATA[Test is being executed
]]></system-out>
    <system-err><![CDATA[May 06, 2023 11:19:11 AM org.openqa.selenium.remote.http.WebSocket$Listener onError
WARNING: Connection reset
java.net.SocketException: Connection reset
	at java.base/sun.nio.ch.SocketChannelImpl.throwConnectionReset(SocketChannelImpl.java:394)
	at java.base/sun.nio.ch.SocketChannelImpl.read(SocketChannelImpl.java:426)
	at io.netty.buffer.PooledByteBuf.setBytes(PooledByteBuf.java:256)
	at io.netty.buffer.AbstractByteBuf.writeBytes(AbstractByteBuf.java:1132)
	at io.netty.channel.socket.nio.NioSocketChannel.doReadBytes(NioSocketChannel.java:357)
	at io.netty.channel.nio.AbstractNioByteChannel$NioByteUnsafe.read(AbstractNioByteChannel.java:151)
	at io.netty.channel.nio.NioEventLoop.processSelectedKey(NioEventLoop.java:788)
	at io.netty.channel.nio.NioEventLoop.processSelectedKeysOptimized(NioEventLoop.java:724)
	at io.netty.channel.nio.NioEventLoop.processSelectedKeys(NioEventLoop.java:650)
	at io.netty.channel.nio.NioEventLoop.run(NioEventLoop.java:562)
	at io.netty.util.concurrent.SingleThreadEventExecutor$4.run(SingleThreadEventExecutor.java:997)
	at io.netty.util.internal.ThreadExecutorMap$2.run(ThreadExecutorMap.java:74)
	at io.netty.util.concurrent.FastThreadLocalRunnable.run(FastThreadLocalRunnable.java:30)
	at java.base/java.lang.Thread.run(Thread.java:833)

Starting ChromeDriver 112.0.5615.49 (bd2a7bcb881c11e8cfe3078709382934e3916914-refs/branch-heads/5615@{#936}) on port 20442
Only local connections are allowed.
Please see https://chromedriver.chromium.org/security-considerations for suggestions on keeping ChromeDriver safe.
ChromeDriver was started successfully.
May 06, 2023 11:19:11 AM org.openqa.selenium.devtools.CdpVersionFinder findNearestMatch
WARNING: Unable to find an exact match for CDP version 112, so returning the closest version found: 111
Unsuccessful Login!!
Wrong username!!!
]]></system-err>
  </testcase>
  <testcase name="dpLoginValidation" classname="com.app.theInternetHerokuapp.tests.LoginPage.TestDpLoginValidation" time="0.968">
    <failure type="java.lang.AssertionError:">java.lang.AssertionError: null
	at com.app.theInternetHerokuapp.tests.LoginPage.TestDpLoginValidation.dpLoginValidation(TestDpLoginValidation.java:44)
</failure>
    <system-out><![CDATA[Test is being executed
]]></system-out>
    <system-err><![CDATA[Unsuccessful Login!!
Wrong username!!!
]]></system-err>
  </testcase>
  <testcase name="dpLoginValidation" classname="com.app.theInternetHerokuapp.tests.LoginPage.TestDpLoginValidation" time="0.168">
    <failure type="java.lang.AssertionError:">java.lang.AssertionError: null
	at com.app.theInternetHerokuapp.tests.LoginPage.TestDpLoginValidation.dpLoginValidation(TestDpLoginValidation.java:44)
</failure>
    <system-out><![CDATA[Test is being executed
]]></system-out>
    <system-err><![CDATA[Unsuccessful Login!!
Wrong username!!!
]]></system-err>
  </testcase>
  <testcase name="dpLoginValidation" classname="com.app.theInternetHerokuapp.tests.LoginPage.TestDpLoginValidation" time="0.978">
    <failure type="java.lang.AssertionError:">java.lang.AssertionError: null
	at com.app.theInternetHerokuapp.tests.LoginPage.TestDpLoginValidation.dpLoginValidation(TestDpLoginValidation.java:44)
</failure>
    <system-out><![CDATA[Test is being executed
]]></system-out>
    <system-err><![CDATA[Unsuccessful Login!!
Wrong username!!!
]]></system-err>
  </testcase>
  <testcase name="dpLoginValidation" classname="com.app.theInternetHerokuapp.tests.LoginPage.TestDpLoginValidation" time="0.963">
    <failure type="java.lang.AssertionError:">java.lang.AssertionError: null
	at com.app.theInternetHerokuapp.tests.LoginPage.TestDpLoginValidation.dpLoginValidation(TestDpLoginValidation.java:44)
</failure>
    <system-out><![CDATA[Test is being executed
]]></system-out>
    <system-err><![CDATA[Unsuccessful Login!!
Wrong username!!!
]]></system-err>
  </testcase>
  <testcase name="LoginValidationWithExcelData" classname="com.app.theInternetHerokuapp.tests.LoginPage.TestLoginValidationWithExcelData" time="1.589">
    <failure message="Index 2 out of bounds for length 2" type="java.lang.IndexOutOfBoundsException">java.lang.IndexOutOfBoundsException: Index 2 out of bounds for length 2
	at com.app.theInternetHerokuapp.tests.LoginPage.TestLoginValidationWithExcelData.LoginValidationWithExcelData(TestLoginValidationWithExcelData.java:26)
</failure>
    <system-out><![CDATA[Test is being executed
]]></system-out>
  </testcase>
  <testcase name="invalidPassword" classname="com.app.theInternetHerokuapp.tests.LoginPage.TestInvalidPassword" time="1.499"/>
  <testcase name="addRemoveElements" classname="com.app.theInternetHerokuapp.tests.TestAddRemoveElements" time="1.163"/>
  <testcase name="basicAuth" classname="com.app.theInternetHerokuapp.tests.TestBasicAuth" time="0.969"/>
  <testcase name="abTesting" classname="com.app.theInternetHerokuapp.tests.TestABTestingPage" time="1.016"/>
  <testcase name="BrokenImages" classname="com.app.theInternetHerokuapp.tests.TestBrokenImages" time="1.048"/>
  <testcase name="contextMenu" classname="com.app.theInternetHerokuapp.tests.TestContextMenu" time="0.35">
    <failure message="java.lang.reflect.InvocationTargetException&#10;Build info: version: &apos;4.8.3&apos;, revision: &apos;e5e76298c3&apos;&#10;System info: os.name: &apos;Windows 10&apos;, os.arch: &apos;amd64&apos;, os.version: &apos;10.0&apos;, java.version: &apos;17.0.2&apos;&#10;Driver info: org.openqa.selenium.chrome.ChromeDriver&#10;Command: [921e03dbc8b807e45d3ea91bb42b614e, actions {actions=[org.openqa.selenium.interactions.Sequence@753df85]}]&#10;Capabilities {acceptInsecureCerts: false, browserName: chrome, browserVersion: 112.0.5615.138, chrome: {chromedriverVersion: 112.0.5615.49 (bd2a7bcb881c..., userDataDir: C:\Users\abzam\AppData\Loca...}, goog:chromeOptions: {debuggerAddress: localhost:57149}, networkConnectionEnabled: false, pageLoadStrategy: normal, platformName: WINDOWS, proxy: Proxy(), se:cdp: ws://localhost:57149/devtoo..., se:cdpVersion: 112.0.5615.138, setWindowRect: true, strictFileInteractability: false, timeouts: {implicit: 0, pageLoad: 300000, script: 30000}, unhandledPromptBehavior: dismiss and notify, webauthn:extension:credBlob: true, webauthn:extension:largeBlob: true, webauthn:extension:minPinLength: true, webauthn:extension:prf: true, webauthn:virtualAuthenticators: true}&#10;Session ID: 921e03dbc8b807e45d3ea91bb42b614e" type="org.openqa.selenium.json.JsonException">org.openqa.selenium.json.JsonException: 
java.lang.reflect.InvocationTargetException
Build info: version: '4.8.3', revision: 'e5e76298c3'
System info: os.name: 'Windows 10', os.arch: 'amd64', os.version: '10.0', java.version: '17.0.2'
Driver info: org.openqa.selenium.chrome.ChromeDriver
Command: [921e03dbc8b807e45d3ea91bb42b614e, actions {actions=[org.openqa.selenium.interactions.Sequence@753df85]}]
Capabilities {acceptInsecureCerts: false, browserName: chrome, browserVersion: 112.0.5615.138, chrome: {chromedriverVersion: 112.0.5615.49 (bd2a7bcb881c..., userDataDir: C:\Users\abzam\AppData\Loca...}, goog:chromeOptions: {debuggerAddress: localhost:57149}, networkConnectionEnabled: false, pageLoadStrategy: normal, platformName: WINDOWS, proxy: Proxy(), se:cdp: ws://localhost:57149/devtoo..., se:cdpVersion: 112.0.5615.138, setWindowRect: true, strictFileInteractability: false, timeouts: {implicit: 0, pageLoad: 300000, script: 30000}, unhandledPromptBehavior: dismiss and notify, webauthn:extension:credBlob: true, webauthn:extension:largeBlob: true, webauthn:extension:minPinLength: true, webauthn:extension:prf: true, webauthn:virtualAuthenticators: true}
Session ID: 921e03dbc8b807e45d3ea91bb42b614e
	at com.app.theInternetHerokuapp.tests.TestContextMenu.contextMenu(TestContextMenu.java:18)
Caused by: java.lang.reflect.InvocationTargetException
	at com.app.theInternetHerokuapp.tests.TestContextMenu.contextMenu(TestContextMenu.java:18)
Caused by: org.openqa.selenium.NoSuchElementException: 
no such element: Unable to locate element: {"method":"css selector","selector":"[oncontextmenu]"}
  (Session info: chrome=112.0.5615.138)
For documentation on this error, please visit: https://selenium.dev/exceptions/#no_such_element
Build info: version: '4.8.3', revision: 'e5e76298c3'
System info: os.name: 'Windows 10', os.arch: 'amd64', os.version: '10.0', java.version: '17.0.2'
Driver info: org.openqa.selenium.chrome.ChromeDriver
Command: [921e03dbc8b807e45d3ea91bb42b614e, findElement {using=css selector, value=[oncontextmenu]}]
Capabilities {acceptInsecureCerts: false, browserName: chrome, browserVersion: 112.0.5615.138, chrome: {chromedriverVersion: 112.0.5615.49 (bd2a7bcb881c..., userDataDir: C:\Users\abzam\AppData\Loca...}, goog:chromeOptions: {debuggerAddress: localhost:57149}, networkConnectionEnabled: false, pageLoadStrategy: normal, platformName: WINDOWS, proxy: Proxy(), se:cdp: ws://localhost:57149/devtoo..., se:cdpVersion: 112.0.5615.138, setWindowRect: true, strictFileInteractability: false, timeouts: {implicit: 0, pageLoad: 300000, script: 30000}, unhandledPromptBehavior: dismiss and notify, webauthn:extension:credBlob: true, webauthn:extension:largeBlob: true, webauthn:extension:minPinLength: true, webauthn:extension:prf: true, webauthn:virtualAuthenticators: true}
Session ID: 921e03dbc8b807e45d3ea91bb42b614e
	at com.app.theInternetHerokuapp.tests.TestContextMenu.contextMenu(TestContextMenu.java:18)
</failure>
    <system-out><![CDATA[Test is being executed
]]></system-out>
    <system-err><![CDATA[Starting ChromeDriver 112.0.5615.49 (bd2a7bcb881c11e8cfe3078709382934e3916914-refs/branch-heads/5615@{#936}) on port 10617
Only local connections are allowed.
Please see https://chromedriver.chromium.org/security-considerations for suggestions on keeping ChromeDriver safe.
ChromeDriver was started successfully.
May 06, 2023 11:19:31 AM org.openqa.selenium.devtools.CdpVersionFinder findNearestMatch
WARNING: Unable to find an exact match for CDP version 112, so returning the closest version found: 111
]]></system-err>
  </testcase>
  <testcase name="checkBoxes" classname="com.app.theInternetHerokuapp.tests.TestCheckBoxes" time="0.807"/>
  <testcase name="digestAuthentication" classname="com.app.theInternetHerokuapp.tests.TestDigestAuthentication" time="0.966"/>
  <testcase name="disappearingElements" classname="com.app.theInternetHerokuapp.tests.TestDisappearingElements" time="0.199"/>
  <testcase name="DropDown" classname="com.app.theInternetHerokuapp.tests.TestDropDown" time="2.419"/>
  <testcase name="entryAdd" classname="com.app.theInternetHerokuapp.tests.TestEntryAdd" time="0.908"/>
  <testcase name="dragAndDrop" classname="com.app.theInternetHerokuapp.tests.TestDragAndDrop" time="1.477"/>
  <testcase name="testDynamicContent" classname="com.app.theInternetHerokuapp.tests.TestDynamicControls" time="3.733"/>
  <testcase name="dynamicLoading" classname="com.app.theInternetHerokuapp.tests.TestDynamicLoading" time="0.384"/>
  <testcase name="floatingMenu" classname="com.app.theInternetHerokuapp.tests.TestFloatingMenu" time="2.813"/>
  <testcase name="fileDownloader" classname="com.app.theInternetHerokuapp.tests.TestFileDownloader" time="1.915"/>
  <testcase name="geoLocation" classname="com.app.theInternetHerokuapp.tests.TestGeoLocation" time="1.272">
    <failure message="no such alert&#10;  (Session info: chrome=112.0.5615.138)&#10;Build info: version: &apos;4.8.3&apos;, revision: &apos;e5e76298c3&apos;&#10;System info: os.name: &apos;Windows 10&apos;, os.arch: &apos;amd64&apos;, os.version: &apos;10.0&apos;, java.version: &apos;17.0.2&apos;&#10;Driver info: org.openqa.selenium.chrome.ChromeDriver&#10;Command: [d1201377fb4ab4fdd67ccf0ab969997b, getAlertText {}]&#10;Capabilities {acceptInsecureCerts: false, browserName: chrome, browserVersion: 112.0.5615.138, chrome: {chromedriverVersion: 112.0.5615.49 (bd2a7bcb881c..., userDataDir: C:\Users\abzam\AppData\Loca...}, goog:chromeOptions: {debuggerAddress: localhost:57689}, networkConnectionEnabled: false, pageLoadStrategy: normal, platformName: WINDOWS, proxy: Proxy(), se:cdp: ws://localhost:57689/devtoo..., se:cdpVersion: 112.0.5615.138, setWindowRect: true, strictFileInteractability: false, timeouts: {implicit: 0, pageLoad: 300000, script: 30000}, unhandledPromptBehavior: dismiss and notify, webauthn:extension:credBlob: true, webauthn:extension:largeBlob: true, webauthn:extension:minPinLength: true, webauthn:extension:prf: true, webauthn:virtualAuthenticators: true}&#10;Session ID: d1201377fb4ab4fdd67ccf0ab969997b" type="org.openqa.selenium.NoAlertPresentException">org.openqa.selenium.NoAlertPresentException: 
no such alert
  (Session info: chrome=112.0.5615.138)
Build info: version: '4.8.3', revision: 'e5e76298c3'
System info: os.name: 'Windows 10', os.arch: 'amd64', os.version: '10.0', java.version: '17.0.2'
Driver info: org.openqa.selenium.chrome.ChromeDriver
Command: [d1201377fb4ab4fdd67ccf0ab969997b, getAlertText {}]
Capabilities {acceptInsecureCerts: false, browserName: chrome, browserVersion: 112.0.5615.138, chrome: {chromedriverVersion: 112.0.5615.49 (bd2a7bcb881c..., userDataDir: C:\Users\abzam\AppData\Loca...}, goog:chromeOptions: {debuggerAddress: localhost:57689}, networkConnectionEnabled: false, pageLoadStrategy: normal, platformName: WINDOWS, proxy: Proxy(), se:cdp: ws://localhost:57689/devtoo..., se:cdpVersion: 112.0.5615.138, setWindowRect: true, strictFileInteractability: false, timeouts: {implicit: 0, pageLoad: 300000, script: 30000}, unhandledPromptBehavior: dismiss and notify, webauthn:extension:credBlob: true, webauthn:extension:largeBlob: true, webauthn:extension:minPinLength: true, webauthn:extension:prf: true, webauthn:virtualAuthenticators: true}
Session ID: d1201377fb4ab4fdd67ccf0ab969997b
	at com.app.theInternetHerokuapp.tests.TestGeoLocation.geoLocation(TestGeoLocation.java:25)
</failure>
    <system-out><![CDATA[Test is being executed
]]></system-out>
    <system-err><![CDATA[Starting ChromeDriver 112.0.5615.49 (bd2a7bcb881c11e8cfe3078709382934e3916914-refs/branch-heads/5615@{#936}) on port 39083
Only local connections are allowed.
Please see https://chromedriver.chromium.org/security-considerations for suggestions on keeping ChromeDriver safe.
ChromeDriver was started successfully.
May 06, 2023 11:20:06 AM org.openqa.selenium.devtools.CdpVersionFinder findNearestMatch
WARNING: Unable to find an exact match for CDP version 112, so returning the closest version found: 111
]]></system-err>
  </testcase>
  <testcase name="exitIntent" classname="com.app.theInternetHerokuapp.tests.TestExitIntent" time="3.267">
    <failure message="Expected condition failed: waiting for visibility of [[ChromeDriver: chrome on WINDOWS (b2d2c5e1a09699a7ae2145a84a98c38b)] -&gt; css selector: div#ouibounce-modal] (tried for 10 second(s) with 500 milliseconds interval)&#10;Build info: version: &apos;4.8.3&apos;, revision: &apos;e5e76298c3&apos;&#10;System info: os.name: &apos;Windows 10&apos;, os.arch: &apos;amd64&apos;, os.version: &apos;10.0&apos;, java.version: &apos;17.0.2&apos;&#10;Driver info: driver.version: unknown" type="org.openqa.selenium.TimeoutException">org.openqa.selenium.TimeoutException: 
Expected condition failed: waiting for visibility of [[ChromeDriver: chrome on WINDOWS (b2d2c5e1a09699a7ae2145a84a98c38b)] -> css selector: div#ouibounce-modal] (tried for 10 second(s) with 500 milliseconds interval)
Build info: version: '4.8.3', revision: 'e5e76298c3'
System info: os.name: 'Windows 10', os.arch: 'amd64', os.version: '10.0', java.version: '17.0.2'
Driver info: driver.version: unknown
	at com.app.theInternetHerokuapp.tests.TestExitIntent.exitIntent(TestExitIntent.java:33)
</failure>
    <system-out><![CDATA[Test is being executed
]]></system-out>
    <system-err><![CDATA[Starting ChromeDriver 112.0.5615.49 (bd2a7bcb881c11e8cfe3078709382934e3916914-refs/branch-heads/5615@{#936}) on port 19449
Only local connections are allowed.
Please see https://chromedriver.chromium.org/security-considerations for suggestions on keeping ChromeDriver safe.
ChromeDriver was started successfully.
May 06, 2023 11:20:08 AM org.openqa.selenium.devtools.CdpVersionFinder findNearestMatch
WARNING: Unable to find an exact match for CDP version 112, so returning the closest version found: 111
]]></system-err>
  </testcase>
  <testcase name="jQueryMenus" classname="com.app.theInternetHerokuapp.tests.TestJQueryMenus" time="0.085"/>
  <testcase name="fileUploaderMethodOne" classname="com.app.theInternetHerokuapp.tests.TestFileUploader" time="1.27">
    <failure message="no such element: Unable to locate element: {&quot;method&quot;:&quot;css selector&quot;,&quot;selector&quot;:&quot;h3&quot;}&#10;  (Session info: chrome=112.0.5615.138)&#10;For documentation on this error, please visit: https://selenium.dev/exceptions/#no_such_element&#10;Build info: version: &apos;4.8.3&apos;, revision: &apos;e5e76298c3&apos;&#10;System info: os.name: &apos;Windows 10&apos;, os.arch: &apos;amd64&apos;, os.version: &apos;10.0&apos;, java.version: &apos;17.0.2&apos;&#10;Driver info: org.openqa.selenium.chrome.ChromeDriver&#10;Command: [ba76cb562e565b3329315c31847c84ce, findElement {using=css selector, value=h3}]&#10;Capabilities {acceptInsecureCerts: false, browserName: chrome, browserVersion: 112.0.5615.138, chrome: {chromedriverVersion: 112.0.5615.49 (bd2a7bcb881c..., userDataDir: C:\Users\abzam\AppData\Loca...}, goog:chromeOptions: {debuggerAddress: localhost:57839}, networkConnectionEnabled: false, pageLoadStrategy: normal, platformName: WINDOWS, proxy: Proxy(), se:cdp: ws://localhost:57839/devtoo..., se:cdpVersion: 112.0.5615.138, setWindowRect: true, strictFileInteractability: false, timeouts: {implicit: 0, pageLoad: 300000, script: 30000}, unhandledPromptBehavior: dismiss and notify, webauthn:extension:credBlob: true, webauthn:extension:largeBlob: true, webauthn:extension:minPinLength: true, webauthn:extension:prf: true, webauthn:virtualAuthenticators: true}&#10;Session ID: ba76cb562e565b3329315c31847c84ce" type="org.openqa.selenium.NoSuchElementException">org.openqa.selenium.NoSuchElementException: 
no such element: Unable to locate element: {"method":"css selector","selector":"h3"}
  (Session info: chrome=112.0.5615.138)
For documentation on this error, please visit: https://selenium.dev/exceptions/#no_such_element
Build info: version: '4.8.3', revision: 'e5e76298c3'
System info: os.name: 'Windows 10', os.arch: 'amd64', os.version: '10.0', java.version: '17.0.2'
Driver info: org.openqa.selenium.chrome.ChromeDriver
Command: [ba76cb562e565b3329315c31847c84ce, findElement {using=css selector, value=h3}]
Capabilities {acceptInsecureCerts: false, browserName: chrome, browserVersion: 112.0.5615.138, chrome: {chromedriverVersion: 112.0.5615.49 (bd2a7bcb881c..., userDataDir: C:\Users\abzam\AppData\Loca...}, goog:chromeOptions: {debuggerAddress: localhost:57839}, networkConnectionEnabled: false, pageLoadStrategy: normal, platformName: WINDOWS, proxy: Proxy(), se:cdp: ws://localhost:57839/devtoo..., se:cdpVersion: 112.0.5615.138, setWindowRect: true, strictFileInteractability: false, timeouts: {implicit: 0, pageLoad: 300000, script: 30000}, unhandledPromptBehavior: dismiss and notify, webauthn:extension:credBlob: true, webauthn:extension:largeBlob: true, webauthn:extension:minPinLength: true, webauthn:extension:prf: true, webauthn:virtualAuthenticators: true}
Session ID: ba76cb562e565b3329315c31847c84ce
	at com.app.theInternetHerokuapp.tests.TestFileUploader.fileUploaderMethodOne(TestFileUploader.java:39)
</failure>
    <system-out><![CDATA[Test is being executed
switching to LEFT frame
switching to MIDDLE frame
]]></system-out>
  </testcase>
  <testcase name="frames" classname="com.app.theInternetHerokuapp.tests.TestFrames" time="1.315"/>
  <testcase name="fileUploaderMethodTwo" classname="com.app.theInternetHerokuapp.tests.TestFileUploader" time="5.215">
    <failure message="no such element: Unable to locate element: {&quot;method&quot;:&quot;css selector&quot;,&quot;selector&quot;:&quot;h3&quot;}&#10;  (Session info: chrome=112.0.5615.138)&#10;For documentation on this error, please visit: https://selenium.dev/exceptions/#no_such_element&#10;Build info: version: &apos;4.8.3&apos;, revision: &apos;e5e76298c3&apos;&#10;System info: os.name: &apos;Windows 10&apos;, os.arch: &apos;amd64&apos;, os.version: &apos;10.0&apos;, java.version: &apos;17.0.2&apos;&#10;Driver info: org.openqa.selenium.chrome.ChromeDriver&#10;Command: [ba76cb562e565b3329315c31847c84ce, findElement {using=css selector, value=h3}]&#10;Capabilities {acceptInsecureCerts: false, browserName: chrome, browserVersion: 112.0.5615.138, chrome: {chromedriverVersion: 112.0.5615.49 (bd2a7bcb881c..., userDataDir: C:\Users\abzam\AppData\Loca...}, goog:chromeOptions: {debuggerAddress: localhost:57839}, networkConnectionEnabled: false, pageLoadStrategy: normal, platformName: WINDOWS, proxy: Proxy(), se:cdp: ws://localhost:57839/devtoo..., se:cdpVersion: 112.0.5615.138, setWindowRect: true, strictFileInteractability: false, timeouts: {implicit: 0, pageLoad: 300000, script: 30000}, unhandledPromptBehavior: dismiss and notify, webauthn:extension:credBlob: true, webauthn:extension:largeBlob: true, webauthn:extension:minPinLength: true, webauthn:extension:prf: true, webauthn:virtualAuthenticators: true}&#10;Session ID: ba76cb562e565b3329315c31847c84ce" type="org.openqa.selenium.NoSuchElementException">org.openqa.selenium.NoSuchElementException: 
no such element: Unable to locate element: {"method":"css selector","selector":"h3"}
  (Session info: chrome=112.0.5615.138)
For documentation on this error, please visit: https://selenium.dev/exceptions/#no_such_element
Build info: version: '4.8.3', revision: 'e5e76298c3'
System info: os.name: 'Windows 10', os.arch: 'amd64', os.version: '10.0', java.version: '17.0.2'
Driver info: org.openqa.selenium.chrome.ChromeDriver
Command: [ba76cb562e565b3329315c31847c84ce, findElement {using=css selector, value=h3}]
Capabilities {acceptInsecureCerts: false, browserName: chrome, browserVersion: 112.0.5615.138, chrome: {chromedriverVersion: 112.0.5615.49 (bd2a7bcb881c..., userDataDir: C:\Users\abzam\AppData\Loca...}, goog:chromeOptions: {debuggerAddress: localhost:57839}, networkConnectionEnabled: false, pageLoadStrategy: normal, platformName: WINDOWS, proxy: Proxy(), se:cdp: ws://localhost:57839/devtoo..., se:cdpVersion: 112.0.5615.138, setWindowRect: true, strictFileInteractability: false, timeouts: {implicit: 0, pageLoad: 300000, script: 30000}, unhandledPromptBehavior: dismiss and notify, webauthn:extension:credBlob: true, webauthn:extension:largeBlob: true, webauthn:extension:minPinLength: true, webauthn:extension:prf: true, webauthn:virtualAuthenticators: true}
Session ID: ba76cb562e565b3329315c31847c84ce
	at com.app.theInternetHerokuapp.tests.TestFileUploader.fileUploaderMethodTwo(TestFileUploader.java:59)
</failure>
    <system-out><![CDATA[Test is being executed
]]></system-out>
  </testcase>
  <testcase name="iframe" classname="com.app.theInternetHerokuapp.tests.TestFrames" time="8.369"/>
</testsuite>