<?xml version="1.0" encoding="UTF-8"?>
<testng-results ignored="0" total="1" passed="1" failed="0" skipped="0">
  <reporter-output>
  </reporter-output>
  <suite started-at="2023-04-26T04:19:26 BDT" name="My Test Suite" finished-at="2023-04-26T04:19:34 BDT" duration-ms="8043">
    <groups>
    </groups>
    <test started-at="2023-04-26T04:19:26 BDT" name="My Test" finished-at="2023-04-26T04:19:34 BDT" duration-ms="8043">
      <class name="com.app.theInternetHerokuapp.tests.InvalidPassword">
        <test-method is-config="true" signature="beforeClass()[pri:0, instance:com.app.theInternetHerokuapp.tests.InvalidPassword@17ae7628]" started-at="2023-04-26T04:19:26 BDT" name="beforeClass" finished-at="2023-04-26T04:19:28 BDT" duration-ms="1923" status="PASS">
          <reporter-output>
          </reporter-output>
        </test-method> <!-- beforeClass -->
        <test-method is-config="true" signature="beforeMethod()[pri:0, instance:com.app.theInternetHerokuapp.tests.InvalidPassword@17ae7628]" started-at="2023-04-26T04:19:28 BDT" name="beforeMethod" finished-at="2023-04-26T04:19:33 BDT" duration-ms="4463" status="PASS">
          <reporter-output>
          </reporter-output>
        </test-method> <!-- beforeMethod -->
        <test-method signature="invalidPassword()[pri:0, instance:com.app.theInternetHerokuapp.tests.InvalidPassword@17ae7628]" started-at="2023-04-26T04:19:33 BDT" name="invalidPassword" finished-at="2023-04-26T04:19:34 BDT" duration-ms="1451" status="PASS">
          <reporter-output>
          </reporter-output>
        </test-method> <!-- invalidPassword -->
        <test-method is-config="true" signature="afterTest()[pri:0, instance:com.app.theInternetHerokuapp.tests.InvalidPassword@17ae7628]" started-at="2023-04-26T04:19:34 BDT" name="afterTest" finished-at="2023-04-26T04:19:34 BDT" duration-ms="1" status="PASS">
          <reporter-output>
          </reporter-output>
        </test-method> <!-- afterTest -->
        <test-method is-config="true" signature="afterClass()[pri:0, instance:com.app.theInternetHerokuapp.tests.InvalidPassword@17ae7628]" started-at="2023-04-26T04:19:34 BDT" name="afterClass" finished-at="2023-04-26T04:19:34 BDT" duration-ms="106" status="PASS">
          <reporter-output>
          </reporter-output>
        </test-method> <!-- afterClass -->
      </class> <!-- com.app.theInternetHerokuapp.tests.InvalidPassword -->
    </test> <!-- My Test -->
  </suite> <!-- My Test Suite -->
</testng-results>
