<?xml version="1.0" encoding="UTF-8"?>
<!-- Generated by org.testng.reporters.JUnitXMLReporter -->
<testsuite ignored="0" hostname="DESKTOP-S2JR911" failures="0" tests="4" name="My Test" time="15.09" errors="0" timestamp="2023-04-15T07:23:54 BDT">
  <testcase classname="com.theinternetherokuapp.javaSelenium.testCases.formAuthentication.TestValidUsernameInvalidPassword" name="invalidUsernameValidPassword" time="12.424"/>
  <testcase classname="com.theinternetherokuapp.javaSelenium.testCases.formAuthentication.TestInvalidUsernamePassword" name="invalidUsernamePassword" time="12.804"/>
  <testcase classname="com.theinternetherokuapp.javaSelenium.testCases.formAuthentication.TestInvalidUsernameValidPassword" name="invalidUsernameValidPassword" time="13.036"/>
  <testcase classname="com.theinternetherokuapp.javaSelenium.testCases.formAuthentication.TestValidUsernamePassword" name="ValidUsernamePassword" time="15.071"/>
</testsuite> <!-- My Test -->
