<?xml version="1.0" encoding="UTF-8"?>
<!-- Generated by org.testng.reporters.JUnitXMLReporter -->
<testsuite ignored="0" hostname="DESKTOP-S2JR911" failures="0" tests="4" name="My Test" time="16.616" errors="0" timestamp="2023-04-15T19:05:20 BDT">
  <testcase classname="com.theinternetherokuapp.javaSelenium.testCases.formAuthentication.TestInvalidUsernameValidPassword" name="invalidUsernameValidPassword" time="13.886"/>
  <testcase classname="com.theinternetherokuapp.javaSelenium.testCases.formAuthentication.TestValidUsernameInvalidPassword" name="invalidUsernameValidPassword" time="13.973"/>
  <testcase classname="com.theinternetherokuapp.javaSelenium.testCases.formAuthentication.TestInvalidUsernamePassword" name="invalidUsernamePassword" time="14.075"/>
  <testcase classname="com.theinternetherokuapp.javaSelenium.testCases.formAuthentication.TestValidUsernamePassword" name="ValidUsernamePassword" time="16.595"/>
</testsuite> <!-- My Test -->
