<?xml version="1.0" encoding="UTF-8"?>
<testng-results ignored="0" total="1" passed="1" failed="0" skipped="0">
  <reporter-output>
  </reporter-output>
  <suite started-at="2023-04-19T09:20:42 EDT" name="All Test Suite" finished-at="2023-04-19T09:20:50 EDT" duration-ms="7703">
    <groups>
    </groups>
    <test started-at="2023-04-19T09:20:42 EDT" name="/Users/mdzaman/Downloads/Business/Bangladesh/students2023/sheba" finished-at="2023-04-19T09:20:50 EDT" duration-ms="7703">
      <class name="com.gits.herokuapp.java.tests.InvalidPassword">
        <test-method is-config="true" signature="beforeClass()[pri:0, instance:com.gits.herokuapp.java.tests.InvalidPassword@1059754c]" started-at="2023-04-19T09:20:42 EDT" name="beforeClass" finished-at="2023-04-19T09:20:48 EDT" duration-ms="5605" status="PASS">
          <reporter-output>
          </reporter-output>
        </test-method> <!-- beforeClass -->
        <test-method is-config="true" signature="beforeMethod()[pri:0, instance:com.gits.herokuapp.java.tests.InvalidPassword@1059754c]" started-at="2023-04-19T09:20:48 EDT" name="beforeMethod" finished-at="2023-04-19T09:20:49 EDT" duration-ms="874" status="PASS">
          <reporter-output>
          </reporter-output>
        </test-method> <!-- beforeMethod -->
        <test-method signature="invalidPassword()[pri:0, instance:com.gits.herokuapp.java.tests.InvalidPassword@1059754c]" started-at="2023-04-19T09:20:49 EDT" name="invalidPassword" finished-at="2023-04-19T09:20:50 EDT" duration-ms="871" status="PASS">
          <reporter-output>
          </reporter-output>
        </test-method> <!-- invalidPassword -->
        <test-method is-config="true" signature="afterTest()[pri:0, instance:com.gits.herokuapp.java.tests.InvalidPassword@1059754c]" started-at="2023-04-19T09:20:50 EDT" name="afterTest" finished-at="2023-04-19T09:20:50 EDT" duration-ms="1" status="PASS">
          <reporter-output>
          </reporter-output>
        </test-method> <!-- afterTest -->
        <test-method is-config="true" signature="afterClass()[pri:0, instance:com.gits.herokuapp.java.tests.InvalidPassword@1059754c]" started-at="2023-04-19T09:20:50 EDT" name="afterClass" finished-at="2023-04-19T09:20:50 EDT" duration-ms="176" status="PASS">
          <reporter-output>
          </reporter-output>
        </test-method> <!-- afterClass -->
      </class> <!-- com.gits.herokuapp.java.tests.InvalidPassword -->
    </test> <!-- /Users/mdzaman/Downloads/Business/Bangladesh/students2023/sheba -->
  </suite> <!-- All Test Suite -->
</testng-results>
